2022-03-24 12:15:03.541  INFO 264 --- [main] lavalink.server.Launcher                 : 

[32m       .  [31m _                  _ _       _    [32m__ _ _
[32m      /\\ [31m| | __ ___   ____ _| (_)_ __ | | __[32m\ \ \ \
[32m     ( ( )[31m| |/ _` \ \ / / _` | | | '_ \| |/ /[32m \ \ \ \
[32m      \\/ [31m| | (_| |\ V / (_| | | | | | |   < [32m  ) ) ) )
[32m       '  [31m|_|\__,_| \_/ \__,_|_|_|_| |_|_|\_\[32m / / / /
[0m    =========================================[32m/_/_/_/[0m

	Version:        a060ab32cba4e7eec8a69cd91d8f80c60bc6eab3-SNAPSHOT
	Build:          1336
	Build time:     24.01.2022 12:04:37 UTC
	Branch          master
	Commit:         a060ab3
	Commit time:    24.01.2022 11:59:16 UTC
	JVM:            11.0.14
	Lavaplayer      1.3.96-original

2022-03-24 12:15:03.718  INFO 264 --- [main] lavalink.server.Launcher                 : Starting Launcher on dacar1k with PID 264 (C:\Users\zthz9\OneDrive\??????? ????\111MusicStreaming - Copy - Copy\PartyBot\LavaLink\Lavalink.jar started by zthz9 in C:\Users\zthz9\OneDrive\??????? ????\111MusicStreaming - Copy - Copy\PartyBot\LavaLink)
2022-03-24 12:15:03.719  INFO 264 --- [main] lavalink.server.Launcher                 : No active profile set, falling back to default profiles: default
2022-03-24 12:15:03.916  WARN 264 --- [background-preinit] o.s.h.c.j.Jackson2ObjectMapperBuilder    : For Jackson Kotlin classes support please add "com.fasterxml.jackson.module:jackson-module-kotlin" to the classpath
2022-03-24 14:00:17.454  INFO 13924 --- [main] lavalink.server.Launcher                 : 

[32m       .  [31m _                  _ _       _    [32m__ _ _
[32m      /\\ [31m| | __ ___   ____ _| (_)_ __ | | __[32m\ \ \ \
[32m     ( ( )[31m| |/ _` \ \ / / _` | | | '_ \| |/ /[32m \ \ \ \
[32m      \\/ [31m| | (_| |\ V / (_| | | | | | |   < [32m  ) ) ) )
[32m       '  [31m|_|\__,_| \_/ \__,_|_|_|_| |_|_|\_\[32m / / / /
[0m    =========================================[32m/_/_/_/[0m

	Version:        a060ab32cba4e7eec8a69cd91d8f80c60bc6eab3-SNAPSHOT
	Build:          1336
	Build time:     24.01.2022 12:04:37 UTC
	Branch          master
	Commit:         a060ab3
	Commit time:    24.01.2022 11:59:16 UTC
	JVM:            11.0.14
	Lavaplayer      1.3.96-original

2022-03-24 14:00:17.580  INFO 13924 --- [main] lavalink.server.Launcher                 : Starting Launcher on dacar1k with PID 13924 (C:\Users\zthz9\OneDrive\??????? ????\111MusicStreaming - Copy - Copy\PartyBot\LavaLink\Lavalink.jar started by zthz9 in C:\Users\zthz9\OneDrive\??????? ????\111MusicStreaming - Copy - Copy\PartyBot\LavaLink)
2022-03-24 14:00:17.581  INFO 13924 --- [main] lavalink.server.Launcher                 : No active profile set, falling back to default profiles: default
2022-03-24 14:00:17.713  WARN 13924 --- [background-preinit] o.s.h.c.j.Jackson2ObjectMapperBuilder    : For Jackson Kotlin classes support please add "com.fasterxml.jackson.module:jackson-module-kotlin" to the classpath
2022-03-24 14:00:19.757  WARN 13924 --- [main] io.undertow.websockets.jsr               : UT026010: Buffer pool was not set on WebSocketDeploymentInfo, the default pool will be used
2022-03-24 14:00:19.783  INFO 13924 --- [main] io.undertow.servlet                      : Initializing Spring embedded WebApplicationContext
2022-03-24 14:00:19.783  INFO 13924 --- [main] o.s.web.context.ContextLoader            : Root WebApplicationContext: initialization completed in 2142 ms
2022-03-24 14:00:20.275  WARN 13924 --- [main] l.server.config.SentryConfiguration      : Turning off sentry
2022-03-24 14:00:20.645  INFO 13924 --- [main] c.s.d.l.tools.GarbageCollectionMonitor   : GC monitoring enabled, reporting results every 2 minutes.
2022-03-24 14:00:20.868  INFO 13924 --- [main] lavalink.server.config.KoeConfiguration  : OS: Windows 10, Arch: amd64
2022-03-24 14:00:20.869  WARN 13924 --- [main] lavalink.server.config.KoeConfiguration  : This system and architecture appears to not support native audio sending! GC pauses may cause your bot to stutter during playback.
2022-03-24 14:00:21.160  INFO 13924 --- [main] o.s.s.concurrent.ThreadPoolTaskExecutor  : Initializing ExecutorService 'applicationTaskExecutor'
2022-03-24 14:00:21.601  INFO 13924 --- [main] org.xnio                                 : XNIO version 3.3.8.Final
2022-03-24 14:00:21.621  INFO 13924 --- [main] org.xnio.nio                             : XNIO NIO Implementation Version 3.3.8.Final
2022-03-24 14:00:21.691  INFO 13924 --- [main] o.s.b.w.e.u.UndertowServletWebServer     : Undertow started on port(s) 2333 (http) with context path ''
2022-03-24 14:00:21.695  INFO 13924 --- [main] lavalink.server.Launcher                 : Started Launcher in 4.93 seconds (JVM running for 5.547)
2022-03-24 14:00:21.697  INFO 13924 --- [main] lavalink.server.Launcher                 : You can safely ignore the big red warning about illegal reflection. See https://github.com/freyacodes/Lavalink/issues/295
2022-03-24 14:00:27.354  INFO 13924 --- [Thread-1] o.s.s.concurrent.ThreadPoolTaskExecutor  : Shutting down ExecutorService 'applicationTaskExecutor'
2022-03-24 14:00:27.358  INFO 13924 --- [Thread-1] c.s.d.l.tools.GarbageCollectionMonitor   : GC monitoring disabled.
